

Started GET "/" for 127.0.0.1 at 2016-06-02 19:40:56 +0700
Processing by Rails::WelcomeController#index as HTML
  Rendered /home/thuy/.rbenv/versions/2.3.1/lib/ruby/gems/2.3.0/gems/railties-4.2.6/lib/rails/templates/rails/welcome/index.html.erb (2.8ms)
Completed 200 OK in 54ms (Views: 37.8ms | ActiveRecord: 0.0ms)
  [1m[36m (89.0ms)[0m  [1mCREATE TABLE "schema_migrations" ("version" varchar NOT NULL) [0m
  [1m[35m (0.2ms)[0m  select sqlite_version(*)
  [1m[36m (91.8ms)[0m  [1mCREATE UNIQUE INDEX "unique_schema_migrations" ON "schema_migrations" ("version")[0m
  [1m[35mActiveRecord::SchemaMigration Load (0.2ms)[0m  SELECT "schema_migrations".* FROM "schema_migrations"
Migrating to CreateUsers (20160602124143)
  [1m[36m (0.2ms)[0m  [1mbegin transaction[0m
  [1m[35m (0.6ms)[0m  CREATE TABLE "users" ("id" INTEGER PRIMARY KEY AUTOINCREMENT NOT NULL, "name" varchar, "email" varchar, "created_at" datetime NOT NULL, "updated_at" datetime NOT NULL) 
  [1m[36mSQL (0.3ms)[0m  [1mINSERT INTO "schema_migrations" ("version") VALUES (?)[0m  [["version", "20160602124143"]]
  [1m[35m (83.4ms)[0m  commit transaction
  [1m[36mActiveRecord::SchemaMigration Load (0.1ms)[0m  [1mSELECT "schema_migrations".* FROM "schema_migrations"[0m


Started GET "/" for 127.0.0.1 at 2016-06-02 19:45:52 +0700
  [1m[36mActiveRecord::SchemaMigration Load (0.1ms)[0m  [1mSELECT "schema_migrations".* FROM "schema_migrations"[0m
Processing by Rails::WelcomeController#index as HTML
  Rendered /home/thuy/.rbenv/versions/2.3.1/lib/ruby/gems/2.3.0/gems/railties-4.2.6/lib/rails/templates/rails/welcome/index.html.erb (1.9ms)
Completed 200 OK in 24ms (Views: 10.9ms | ActiveRecord: 0.0ms)


Started GET "/users" for 127.0.0.1 at 2016-06-02 19:45:58 +0700
Processing by UsersController#index as HTML
  [1m[35mUser Load (0.3ms)[0m  SELECT "users".* FROM "users"
  Rendered users/index.html.erb within layouts/application (4.2ms)
Completed 200 OK in 1510ms (Views: 1506.5ms | ActiveRecord: 0.6ms)


Started GET "/assets/scaffolds.self-0289fcc297decb323e85c5e090a8c897da331b5bb1849e5400f67b1ce24e6628.css?body=1" for 127.0.0.1 at 2016-06-02 19:46:00 +0700


Started GET "/assets/application.self-e80e8f2318043e8af94dddc2adad5a4f09739a8ebb323b3ab31cd71d45fd9113.css?body=1" for 127.0.0.1 at 2016-06-02 19:46:00 +0700


Started GET "/assets/users.self-e3b0c44298fc1c149afbf4c8996fb92427ae41e4649b934ca495991b7852b855.css?body=1" for 127.0.0.1 at 2016-06-02 19:46:00 +0700


Started GET "/assets/jquery_ujs.self-e87806d0cf4489aeb1bb7288016024e8de67fd18db693fe026fe3907581e53cd.js?body=1" for 127.0.0.1 at 2016-06-02 19:46:00 +0700


Started GET "/assets/users.self-877aef30ae1b040ab8a3aba4e3e309a11d7f2612f44dde450b5c157aa5f95c05.js?body=1" for 127.0.0.1 at 2016-06-02 19:46:00 +0700


Started GET "/assets/turbolinks.self-c37727e9bd6b2735da5c311aa83fead54ed0be6cc8bd9a65309e9c5abe2cbfff.js?body=1" for 127.0.0.1 at 2016-06-02 19:46:00 +0700


Started GET "/assets/jquery.self-660adc51e0224b731d29f575a6f1ec167ba08ad06ed5deca4f1e8654c135bf4c.js?body=1" for 127.0.0.1 at 2016-06-02 19:46:00 +0700


Started GET "/assets/application.self-3b8dabdc891efe46b9a144b400ad69e37d7e5876bdc39dee783419a69d7ca819.js?body=1" for 127.0.0.1 at 2016-06-02 19:46:00 +0700


Started GET "/users/new" for 127.0.0.1 at 2016-06-02 19:46:05 +0700
Processing by UsersController#new as HTML
  Rendered users/_form.html.erb (68.2ms)
  Rendered users/new.html.erb within layouts/application (87.2ms)
Completed 200 OK in 132ms (Views: 121.6ms | ActiveRecord: 0.6ms)


Started GET "/users" for 127.0.0.1 at 2016-06-02 19:46:20 +0700
Processing by UsersController#index as HTML
  [1m[36mUser Load (0.3ms)[0m  [1mSELECT "users".* FROM "users"[0m
  Rendered users/index.html.erb within layouts/application (5.0ms)
Completed 200 OK in 44ms (Views: 43.4ms | ActiveRecord: 0.3ms)


Started GET "/users/new" for 127.0.0.1 at 2016-06-02 19:47:33 +0700
Processing by UsersController#new as HTML
  Rendered users/_form.html.erb (1.9ms)
  Rendered users/new.html.erb within layouts/application (3.8ms)
Completed 200 OK in 33ms (Views: 32.1ms | ActiveRecord: 0.0ms)


Started POST "/users" for 127.0.0.1 at 2016-06-02 19:47:39 +0700
Processing by UsersController#create as HTML
  Parameters: {"utf8"=>"✓", "authenticity_token"=>"W7SVWZmT7VzuthKlmDW2K4vgHjthI6guj6+fKKfJZFUWui+KsQUKIP6okUJziqKqHp/ItPEqFP8RfqYP7C3QcQ==", "user"=>{"name"=>"aa", "email"=>"aa"}, "commit"=>"Create User"}
  [1m[35m (0.1ms)[0m  begin transaction
  [1m[36mSQL (0.5ms)[0m  [1mINSERT INTO "users" ("name", "email", "created_at", "updated_at") VALUES (?, ?, ?, ?)[0m  [["name", "aa"], ["email", "aa"], ["created_at", "2016-06-02 12:47:39.271872"], ["updated_at", "2016-06-02 12:47:39.271872"]]
  [1m[35m (96.4ms)[0m  commit transaction
Redirected to http://localhost:3000/users/1
Completed 302 Found in 107ms (ActiveRecord: 97.0ms)


Started GET "/users/1" for 127.0.0.1 at 2016-06-02 19:47:39 +0700
Processing by UsersController#show as HTML
  Parameters: {"id"=>"1"}
  [1m[36mUser Load (0.4ms)[0m  [1mSELECT  "users".* FROM "users" WHERE "users"."id" = ? LIMIT 1[0m  [["id", 1]]
  Rendered users/show.html.erb within layouts/application (1.4ms)
Completed 200 OK in 66ms (Views: 22.8ms | ActiveRecord: 0.4ms)


Started GET "/users" for 127.0.0.1 at 2016-06-02 19:47:41 +0700
Processing by UsersController#index as HTML
  [1m[35mUser Load (0.2ms)[0m  SELECT "users".* FROM "users"
  Rendered users/index.html.erb within layouts/application (1.6ms)
Completed 200 OK in 21ms (Views: 20.0ms | ActiveRecord: 0.2ms)


Started GET "/users/1" for 127.0.0.1 at 2016-06-02 19:47:44 +0700
Processing by UsersController#show as HTML
  Parameters: {"id"=>"1"}
  [1m[36mUser Load (0.2ms)[0m  [1mSELECT  "users".* FROM "users" WHERE "users"."id" = ? LIMIT 1[0m  [["id", 1]]
  Rendered users/show.html.erb within layouts/application (1.2ms)
Completed 200 OK in 21ms (Views: 19.6ms | ActiveRecord: 0.2ms)


Started GET "/users" for 127.0.0.1 at 2016-06-02 19:47:48 +0700
Processing by UsersController#index as HTML
  [1m[35mUser Load (0.3ms)[0m  SELECT "users".* FROM "users"
  Rendered users/index.html.erb within layouts/application (2.0ms)
Completed 200 OK in 30ms (Views: 28.2ms | ActiveRecord: 0.3ms)


Started GET "/users/new" for 127.0.0.1 at 2016-06-02 19:47:49 +0700
Processing by UsersController#new as HTML
  Rendered users/_form.html.erb (2.0ms)
  Rendered users/new.html.erb within layouts/application (2.9ms)
Completed 200 OK in 22ms (Views: 21.2ms | ActiveRecord: 0.0ms)


Started POST "/users" for 127.0.0.1 at 2016-06-02 19:47:56 +0700
Processing by UsersController#create as HTML
  Parameters: {"utf8"=>"✓", "authenticity_token"=>"joGWIWsEQWcE9SoU9u6EwLzrycZ7Md2almC5x8zWcDbDjyzyQ5KmGxTrqfMdUZBBKZQfSes4YUsIsYDghzLEEg==", "user"=>{"name"=>"gggg", "email"=>"hiuhiu"}, "commit"=>"Create User"}
  [1m[36m (0.1ms)[0m  [1mbegin transaction[0m
  [1m[35mSQL (0.3ms)[0m  INSERT INTO "users" ("name", "email", "created_at", "updated_at") VALUES (?, ?, ?, ?)  [["name", "gggg"], ["email", "hiuhiu"], ["created_at", "2016-06-02 12:47:56.643146"], ["updated_at", "2016-06-02 12:47:56.643146"]]
  [1m[36m (102.2ms)[0m  [1mcommit transaction[0m
Redirected to http://localhost:3000/users/2
Completed 302 Found in 107ms (ActiveRecord: 102.6ms)


Started GET "/users/2" for 127.0.0.1 at 2016-06-02 19:47:56 +0700
Processing by UsersController#show as HTML
  Parameters: {"id"=>"2"}
  [1m[35mUser Load (0.2ms)[0m  SELECT  "users".* FROM "users" WHERE "users"."id" = ? LIMIT 1  [["id", 2]]
  Rendered users/show.html.erb within layouts/application (0.6ms)
Completed 200 OK in 22ms (Views: 19.9ms | ActiveRecord: 0.2ms)


Started GET "/users" for 127.0.0.1 at 2016-06-02 19:48:00 +0700
Processing by UsersController#index as HTML
  [1m[36mUser Load (0.2ms)[0m  [1mSELECT "users".* FROM "users"[0m
  Rendered users/index.html.erb within layouts/application (1.7ms)
Completed 200 OK in 19ms (Views: 18.3ms | ActiveRecord: 0.2ms)


Started GET "/users/new" for 127.0.0.1 at 2016-06-02 19:48:03 +0700
Processing by UsersController#new as HTML
  Rendered users/_form.html.erb (1.9ms)
  Rendered users/new.html.erb within layouts/application (2.8ms)
Completed 200 OK in 22ms (Views: 21.1ms | ActiveRecord: 0.0ms)


Started POST "/users" for 127.0.0.1 at 2016-06-02 19:48:10 +0700
Processing by UsersController#create as HTML
  Parameters: {"utf8"=>"✓", "authenticity_token"=>"my4OWNpIxx/O+dRXQOCfCxB7sosLnphkBFpvI64lmr7WILSL8t4gY97nV7CrX4uKhQRkBJuXJLWai1YE5cEumg==", "user"=>{"name"=>"aa", "email"=>"aa"}, "commit"=>"Create User"}
  [1m[35m (0.1ms)[0m  begin transaction
  [1m[36mSQL (0.3ms)[0m  [1mINSERT INTO "users" ("name", "email", "created_at", "updated_at") VALUES (?, ?, ?, ?)[0m  [["name", "aa"], ["email", "aa"], ["created_at", "2016-06-02 12:48:10.028215"], ["updated_at", "2016-06-02 12:48:10.028215"]]
  [1m[35m (126.6ms)[0m  commit transaction
Redirected to http://localhost:3000/users/3
Completed 302 Found in 132ms (ActiveRecord: 127.0ms)


Started GET "/users/3" for 127.0.0.1 at 2016-06-02 19:48:10 +0700
Processing by UsersController#show as HTML
  Parameters: {"id"=>"3"}
  [1m[36mUser Load (0.2ms)[0m  [1mSELECT  "users".* FROM "users" WHERE "users"."id" = ? LIMIT 1[0m  [["id", 3]]
  Rendered users/show.html.erb within layouts/application (0.4ms)
Completed 200 OK in 21ms (Views: 20.0ms | ActiveRecord: 0.2ms)


Started GET "/users" for 127.0.0.1 at 2016-06-02 19:48:12 +0700
Processing by UsersController#index as HTML
  [1m[35mUser Load (0.2ms)[0m  SELECT "users".* FROM "users"
  Rendered users/index.html.erb within layouts/application (2.6ms)
Completed 200 OK in 23ms (Views: 21.6ms | ActiveRecord: 0.2ms)


Started GET "/users/1" for 127.0.0.1 at 2016-06-02 19:49:08 +0700
Processing by UsersController#show as HTML
  Parameters: {"id"=>"1"}
  [1m[36mUser Load (0.2ms)[0m  [1mSELECT  "users".* FROM "users" WHERE "users"."id" = ? LIMIT 1[0m  [["id", 1]]
  Rendered users/show.html.erb within layouts/application (0.7ms)
Completed 200 OK in 22ms (Views: 20.5ms | ActiveRecord: 0.2ms)


Started GET "/users" for 127.0.0.1 at 2016-06-02 19:49:12 +0700
Processing by UsersController#index as HTML
  [1m[35mUser Load (0.2ms)[0m  SELECT "users".* FROM "users"
  Rendered users/index.html.erb within layouts/application (2.3ms)
Completed 200 OK in 23ms (Views: 22.3ms | ActiveRecord: 0.2ms)


Started DELETE "/users/3" for 127.0.0.1 at 2016-06-02 19:49:18 +0700
Processing by UsersController#destroy as HTML
  Parameters: {"authenticity_token"=>"diJWAZTfyDj0bcHEYeY9Cs5Okicd9vDj3nacR6smu947LOzSvEkvRORzQiOKWSmLWzFEqI3/TDJAp6Vg4MIP+g==", "id"=>"3"}
  [1m[36mUser Load (0.2ms)[0m  [1mSELECT  "users".* FROM "users" WHERE "users"."id" = ? LIMIT 1[0m  [["id", 3]]
  [1m[35m (0.1ms)[0m  begin transaction
  [1m[36mSQL (0.4ms)[0m  [1mDELETE FROM "users" WHERE "users"."id" = ?[0m  [["id", 3]]
  [1m[35m (44.0ms)[0m  commit transaction
Redirected to http://localhost:3000/users
Completed 302 Found in 50ms (ActiveRecord: 44.6ms)


Started GET "/users" for 127.0.0.1 at 2016-06-02 19:49:18 +0700
Processing by UsersController#index as HTML
  [1m[36mUser Load (0.3ms)[0m  [1mSELECT "users".* FROM "users"[0m
  Rendered users/index.html.erb within layouts/application (2.0ms)
Completed 200 OK in 30ms (Views: 28.7ms | ActiveRecord: 0.3ms)


Started GET "/users/1" for 127.0.0.1 at 2016-06-02 19:49:57 +0700
Processing by UsersController#show as HTML
  Parameters: {"id"=>"1"}
  [1m[35mUser Load (0.1ms)[0m  SELECT  "users".* FROM "users" WHERE "users"."id" = ? LIMIT 1  [["id", 1]]
  Rendered users/show.html.erb within layouts/application (0.4ms)
Completed 200 OK in 20ms (Views: 18.3ms | ActiveRecord: 0.1ms)


Started GET "/users/1" for 127.0.0.1 at 2016-06-02 19:50:18 +0700

ActionController::RoutingError (No route matches [GET] "/users/1"):
  actionpack (4.2.6) lib/action_dispatch/middleware/debug_exceptions.rb:21:in `call'
  web-console (2.3.0) lib/web_console/middleware.rb:28:in `block in call'
  web-console (2.3.0) lib/web_console/middleware.rb:18:in `catch'
  web-console (2.3.0) lib/web_console/middleware.rb:18:in `call'
  actionpack (4.2.6) lib/action_dispatch/middleware/show_exceptions.rb:30:in `call'
  railties (4.2.6) lib/rails/rack/logger.rb:38:in `call_app'
  railties (4.2.6) lib/rails/rack/logger.rb:20:in `block in call'
  activesupport (4.2.6) lib/active_support/tagged_logging.rb:68:in `block in tagged'
  activesupport (4.2.6) lib/active_support/tagged_logging.rb:26:in `tagged'
  activesupport (4.2.6) lib/active_support/tagged_logging.rb:68:in `tagged'
  railties (4.2.6) lib/rails/rack/logger.rb:20:in `call'
  actionpack (4.2.6) lib/action_dispatch/middleware/request_id.rb:21:in `call'
  rack (1.6.4) lib/rack/methodoverride.rb:22:in `call'
  rack (1.6.4) lib/rack/runtime.rb:18:in `call'
  activesupport (4.2.6) lib/active_support/cache/strategy/local_cache_middleware.rb:28:in `call'
  rack (1.6.4) lib/rack/lock.rb:17:in `call'
  actionpack (4.2.6) lib/action_dispatch/middleware/static.rb:120:in `call'
  rack (1.6.4) lib/rack/sendfile.rb:113:in `call'
  railties (4.2.6) lib/rails/engine.rb:518:in `call'
  railties (4.2.6) lib/rails/application.rb:165:in `call'
  rack (1.6.4) lib/rack/lock.rb:17:in `call'
  rack (1.6.4) lib/rack/content_length.rb:15:in `call'
  rack (1.6.4) lib/rack/handler/webrick.rb:88:in `service'
  /home/thuy/.rbenv/versions/2.3.1/lib/ruby/2.3.0/webrick/httpserver.rb:140:in `service'
  /home/thuy/.rbenv/versions/2.3.1/lib/ruby/2.3.0/webrick/httpserver.rb:96:in `run'
  /home/thuy/.rbenv/versions/2.3.1/lib/ruby/2.3.0/webrick/server.rb:296:in `block in start_thread'


  Rendered /home/thuy/.rbenv/versions/2.3.1/lib/ruby/gems/2.3.0/gems/actionpack-4.2.6/lib/action_dispatch/middleware/templates/rescues/_trace.html.erb (2.1ms)
  Rendered /home/thuy/.rbenv/versions/2.3.1/lib/ruby/gems/2.3.0/gems/actionpack-4.2.6/lib/action_dispatch/middleware/templates/routes/_table.html.erb (4.6ms)
  Rendered /home/thuy/.rbenv/versions/2.3.1/lib/ruby/gems/2.3.0/gems/actionpack-4.2.6/lib/action_dispatch/middleware/templates/rescues/_request_and_response.html.erb (1.9ms)
  Rendered /home/thuy/.rbenv/versions/2.3.1/lib/ruby/gems/2.3.0/gems/actionpack-4.2.6/lib/action_dispatch/middleware/templates/rescues/routing_error.html.erb within rescues/layout (39.7ms)
  Rendered /home/thuy/.rbenv/versions/2.3.1/lib/ruby/gems/2.3.0/gems/web-console-2.3.0/lib/web_console/templates/_markup.html.erb (0.6ms)
  Rendered /home/thuy/.rbenv/versions/2.3.1/lib/ruby/gems/2.3.0/gems/web-console-2.3.0/lib/web_console/templates/_inner_console_markup.html.erb within layouts/inlined_string (0.4ms)
  Rendered /home/thuy/.rbenv/versions/2.3.1/lib/ruby/gems/2.3.0/gems/web-console-2.3.0/lib/web_console/templates/_prompt_box_markup.html.erb within layouts/inlined_string (0.4ms)
  Rendered /home/thuy/.rbenv/versions/2.3.1/lib/ruby/gems/2.3.0/gems/web-console-2.3.0/lib/web_console/templates/style.css.erb within layouts/inlined_string (0.4ms)
  Rendered /home/thuy/.rbenv/versions/2.3.1/lib/ruby/gems/2.3.0/gems/web-console-2.3.0/lib/web_console/templates/console.js.erb within layouts/javascript (27.4ms)
  Rendered /home/thuy/.rbenv/versions/2.3.1/lib/ruby/gems/2.3.0/gems/web-console-2.3.0/lib/web_console/templates/main.js.erb within layouts/javascript (0.5ms)
  Rendered /home/thuy/.rbenv/versions/2.3.1/lib/ruby/gems/2.3.0/gems/web-console-2.3.0/lib/web_console/templates/error_page.js.erb within layouts/javascript (0.4ms)
  Rendered /home/thuy/.rbenv/versions/2.3.1/lib/ruby/gems/2.3.0/gems/web-console-2.3.0/lib/web_console/templates/index.html.erb (58.1ms)


Started GET "/users/1" for 127.0.0.1 at 2016-06-02 19:50:37 +0700
Processing by UsersController#show as HTML
  Parameters: {"id"=>"1"}
  [1m[36mUser Load (0.3ms)[0m  [1mSELECT  "users".* FROM "users" WHERE "users"."id" = ? LIMIT 1[0m  [["id", 1]]
  Rendered users/show.html.erb within layouts/application (0.5ms)
Completed 200 OK in 34ms (Views: 22.5ms | ActiveRecord: 1.0ms)


Started GET "/" for 127.0.0.1 at 2016-06-02 19:51:10 +0700
Processing by UsersController#index as HTML
  [1m[35mUser Load (0.5ms)[0m  SELECT "users".* FROM "users"
  Rendered users/index.html.erb within layouts/application (8.2ms)
Completed 200 OK in 33ms (Views: 29.1ms | ActiveRecord: 0.9ms)


Started GET "/microposts" for 127.0.0.1 at 2016-06-02 19:53:33 +0700
  [1m[36mActiveRecord::SchemaMigration Load (0.2ms)[0m  [1mSELECT "schema_migrations".* FROM "schema_migrations"[0m

ActiveRecord::PendingMigrationError (

Migrations are pending. To resolve this issue, run:

	bin/rake db:migrate RAILS_ENV=development

):
  activerecord (4.2.6) lib/active_record/migration.rb:392:in `check_pending!'
  activerecord (4.2.6) lib/active_record/migration.rb:373:in `call'
  actionpack (4.2.6) lib/action_dispatch/middleware/callbacks.rb:29:in `block in call'
  activesupport (4.2.6) lib/active_support/callbacks.rb:88:in `__run_callbacks__'
  activesupport (4.2.6) lib/active_support/callbacks.rb:778:in `_run_call_callbacks'
  activesupport (4.2.6) lib/active_support/callbacks.rb:81:in `run_callbacks'
  actionpack (4.2.6) lib/action_dispatch/middleware/callbacks.rb:27:in `call'
  actionpack (4.2.6) lib/action_dispatch/middleware/reloader.rb:73:in `call'
  actionpack (4.2.6) lib/action_dispatch/middleware/remote_ip.rb:78:in `call'
  actionpack (4.2.6) lib/action_dispatch/middleware/debug_exceptions.rb:17:in `call'
  web-console (2.3.0) lib/web_console/middleware.rb:28:in `block in call'
  web-console (2.3.0) lib/web_console/middleware.rb:18:in `catch'
  web-console (2.3.0) lib/web_console/middleware.rb:18:in `call'
  actionpack (4.2.6) lib/action_dispatch/middleware/show_exceptions.rb:30:in `call'
  railties (4.2.6) lib/rails/rack/logger.rb:38:in `call_app'
  railties (4.2.6) lib/rails/rack/logger.rb:20:in `block in call'
  activesupport (4.2.6) lib/active_support/tagged_logging.rb:68:in `block in tagged'
  activesupport (4.2.6) lib/active_support/tagged_logging.rb:26:in `tagged'
  activesupport (4.2.6) lib/active_support/tagged_logging.rb:68:in `tagged'
  railties (4.2.6) lib/rails/rack/logger.rb:20:in `call'
  actionpack (4.2.6) lib/action_dispatch/middleware/request_id.rb:21:in `call'
  rack (1.6.4) lib/rack/methodoverride.rb:22:in `call'
  rack (1.6.4) lib/rack/runtime.rb:18:in `call'
  activesupport (4.2.6) lib/active_support/cache/strategy/local_cache_middleware.rb:28:in `call'
  rack (1.6.4) lib/rack/lock.rb:17:in `call'
  actionpack (4.2.6) lib/action_dispatch/middleware/static.rb:120:in `call'
  rack (1.6.4) lib/rack/sendfile.rb:113:in `call'
  railties (4.2.6) lib/rails/engine.rb:518:in `call'
  railties (4.2.6) lib/rails/application.rb:165:in `call'
  rack (1.6.4) lib/rack/lock.rb:17:in `call'
  rack (1.6.4) lib/rack/content_length.rb:15:in `call'
  rack (1.6.4) lib/rack/handler/webrick.rb:88:in `service'
  /home/thuy/.rbenv/versions/2.3.1/lib/ruby/2.3.0/webrick/httpserver.rb:140:in `service'
  /home/thuy/.rbenv/versions/2.3.1/lib/ruby/2.3.0/webrick/httpserver.rb:96:in `run'
  /home/thuy/.rbenv/versions/2.3.1/lib/ruby/2.3.0/webrick/server.rb:296:in `block in start_thread'


  Rendered /home/thuy/.rbenv/versions/2.3.1/lib/ruby/gems/2.3.0/gems/actionpack-4.2.6/lib/action_dispatch/middleware/templates/rescues/_source.erb (4.5ms)
  Rendered /home/thuy/.rbenv/versions/2.3.1/lib/ruby/gems/2.3.0/gems/actionpack-4.2.6/lib/action_dispatch/middleware/templates/rescues/_trace.html.erb (3.4ms)
  Rendered /home/thuy/.rbenv/versions/2.3.1/lib/ruby/gems/2.3.0/gems/actionpack-4.2.6/lib/action_dispatch/middleware/templates/rescues/_request_and_response.html.erb (1.3ms)
  Rendered /home/thuy/.rbenv/versions/2.3.1/lib/ruby/gems/2.3.0/gems/actionpack-4.2.6/lib/action_dispatch/middleware/templates/rescues/diagnostics.html.erb within rescues/layout (36.3ms)
  Rendered /home/thuy/.rbenv/versions/2.3.1/lib/ruby/gems/2.3.0/gems/web-console-2.3.0/lib/web_console/templates/_markup.html.erb (0.4ms)
  Rendered /home/thuy/.rbenv/versions/2.3.1/lib/ruby/gems/2.3.0/gems/web-console-2.3.0/lib/web_console/templates/_inner_console_markup.html.erb within layouts/inlined_string (0.4ms)
  Rendered /home/thuy/.rbenv/versions/2.3.1/lib/ruby/gems/2.3.0/gems/web-console-2.3.0/lib/web_console/templates/_prompt_box_markup.html.erb within layouts/inlined_string (0.4ms)
  Rendered /home/thuy/.rbenv/versions/2.3.1/lib/ruby/gems/2.3.0/gems/web-console-2.3.0/lib/web_console/templates/style.css.erb within layouts/inlined_string (0.4ms)
  Rendered /home/thuy/.rbenv/versions/2.3.1/lib/ruby/gems/2.3.0/gems/web-console-2.3.0/lib/web_console/templates/console.js.erb within layouts/javascript (27.4ms)
  Rendered /home/thuy/.rbenv/versions/2.3.1/lib/ruby/gems/2.3.0/gems/web-console-2.3.0/lib/web_console/templates/main.js.erb within layouts/javascript (0.5ms)
  Rendered /home/thuy/.rbenv/versions/2.3.1/lib/ruby/gems/2.3.0/gems/web-console-2.3.0/lib/web_console/templates/error_page.js.erb within layouts/javascript (0.6ms)
  Rendered /home/thuy/.rbenv/versions/2.3.1/lib/ruby/gems/2.3.0/gems/web-console-2.3.0/lib/web_console/templates/index.html.erb (55.4ms)
  [1m[36mActiveRecord::SchemaMigration Load (0.1ms)[0m  [1mSELECT "schema_migrations".* FROM "schema_migrations"[0m
Migrating to CreateMicroposts (20160602125316)
  [1m[35m (0.2ms)[0m  begin transaction
  [1m[36m (0.4ms)[0m  [1mCREATE TABLE "microposts" ("id" INTEGER PRIMARY KEY AUTOINCREMENT NOT NULL, "content" text, "user_id" integer, "created_at" datetime NOT NULL, "updated_at" datetime NOT NULL) [0m
  [1m[35mSQL (0.2ms)[0m  INSERT INTO "schema_migrations" ("version") VALUES (?)  [["version", "20160602125316"]]
  [1m[36m (70.3ms)[0m  [1mcommit transaction[0m
  [1m[35mActiveRecord::SchemaMigration Load (0.3ms)[0m  SELECT "schema_migrations".* FROM "schema_migrations"


Started GET "/microposts" for 127.0.0.1 at 2016-06-02 19:54:05 +0700
  [1m[35mActiveRecord::SchemaMigration Load (0.2ms)[0m  SELECT "schema_migrations".* FROM "schema_migrations"
Processing by MicropostsController#index as HTML
  [1m[36mMicropost Load (0.2ms)[0m  [1mSELECT "microposts".* FROM "microposts"[0m
  Rendered microposts/index.html.erb within layouts/application (2.7ms)
Completed 200 OK in 104ms (Views: 100.5ms | ActiveRecord: 0.3ms)


Started GET "/assets/microposts.self-e3b0c44298fc1c149afbf4c8996fb92427ae41e4649b934ca495991b7852b855.css?body=1" for 127.0.0.1 at 2016-06-02 19:54:05 +0700


Started GET "/assets/microposts.self-877aef30ae1b040ab8a3aba4e3e309a11d7f2612f44dde450b5c157aa5f95c05.js?body=1" for 127.0.0.1 at 2016-06-02 19:54:05 +0700


Started GET "/microposts/new" for 127.0.0.1 at 2016-06-02 19:54:07 +0700
Processing by MicropostsController#new as HTML
  Rendered microposts/_form.html.erb (19.4ms)
  Rendered microposts/new.html.erb within layouts/application (21.2ms)
Completed 200 OK in 51ms (Views: 44.2ms | ActiveRecord: 0.5ms)


Started POST "/microposts" for 127.0.0.1 at 2016-06-02 19:54:17 +0700
Processing by MicropostsController#create as HTML
  Parameters: {"utf8"=>"✓", "authenticity_token"=>"+Mabq2ndeQfu1hBBJEDXB09W/wcFRVyClOXVo98YxWe1yCF4QUuee/7Ik6bP/8OG2ikpiJVM4FMKNOyElPxxQw==", "micropost"=>{"content"=>"fầvdfv", "user_id"=>"1"}, "commit"=>"Create Micropost"}
  [1m[35m (0.2ms)[0m  begin transaction
  [1m[36mSQL (0.4ms)[0m  [1mINSERT INTO "microposts" ("content", "user_id", "created_at", "updated_at") VALUES (?, ?, ?, ?)[0m  [["content", "fầvdfv"], ["user_id", 1], ["created_at", "2016-06-02 12:54:17.541288"], ["updated_at", "2016-06-02 12:54:17.541288"]]
  [1m[35m (36.6ms)[0m  commit transaction
Redirected to http://localhost:3000/microposts/1
Completed 302 Found in 43ms (ActiveRecord: 37.1ms)


Started GET "/microposts/1" for 127.0.0.1 at 2016-06-02 19:54:17 +0700
Processing by MicropostsController#show as HTML
  Parameters: {"id"=>"1"}
  [1m[36mMicropost Load (0.4ms)[0m  [1mSELECT  "microposts".* FROM "microposts" WHERE "microposts"."id" = ? LIMIT 1[0m  [["id", 1]]
  Rendered microposts/show.html.erb within layouts/application (1.6ms)
Completed 200 OK in 38ms (Views: 34.6ms | ActiveRecord: 0.4ms)


Started GET "/microposts" for 127.0.0.1 at 2016-06-02 19:54:19 +0700
Processing by MicropostsController#index as HTML
  [1m[35mMicropost Load (0.4ms)[0m  SELECT "microposts".* FROM "microposts"
  Rendered microposts/index.html.erb within layouts/application (4.1ms)
Completed 200 OK in 30ms (Views: 28.4ms | ActiveRecord: 0.4ms)


Started GET "/microposts/new" for 127.0.0.1 at 2016-06-02 19:54:58 +0700
Processing by MicropostsController#new as HTML
  Rendered microposts/_form.html.erb (2.7ms)
  Rendered microposts/new.html.erb within layouts/application (3.8ms)
Completed 200 OK in 36ms (Views: 27.9ms | ActiveRecord: 0.8ms)


Started POST "/microposts" for 127.0.0.1 at 2016-06-02 19:55:11 +0700
Processing by MicropostsController#create as HTML
  Parameters: {"utf8"=>"✓", "authenticity_token"=>"VMibAv66Juyc2PeCaO/Zlp+4/f0xN+c8HZQJ+GgEtuQZxiHR1izBkIzGdGWDUM0XCscrcqE+W+2DRTDfI+ACwA==", "micropost"=>{"content"=>"fdfdsfafvdvdvvvvvvvvvvvvvvvvvvvvvvvvvvvvvvvvvvvvvvvvvvvvvvvvvvvvvvvvvvvvvvvvvvvvvvvvvvvvvvvvvvvvvvvvvvvvvvvvvvvvvvvvvvvvvvvvvvvvvvvvvvvvvvvvvvvvvvvvvvvvvvvvvvvvvvvvvvvvvvvvvvvvvvvvvvvvvvvvvvvvvvvvvvvvvvvvvvvvvvvvvvvv", "user_id"=>"1"}, "commit"=>"Create Micropost"}
  [1m[36m (0.1ms)[0m  [1mbegin transaction[0m
  [1m[35m (0.1ms)[0m  rollback transaction
  Rendered microposts/_form.html.erb (4.0ms)
  Rendered microposts/new.html.erb within layouts/application (5.6ms)
Completed 200 OK in 30ms (Views: 25.8ms | ActiveRecord: 0.2ms)


Started POST "/microposts" for 127.0.0.1 at 2016-06-02 19:58:20 +0700
Processing by MicropostsController#create as HTML
  Parameters: {"utf8"=>"✓", "authenticity_token"=>"7jAExdZgGMvXFN4bpcuY0IWt5TF7rrlh3b5JIY4XcX6jPr4W/vb/t8cKXfxOdIxRENIzvuunBbBDb3AGxfPFWg==", "micropost"=>{"content"=>"", "user_id"=>"1"}, "commit"=>"Create Micropost"}
Completed 500 Internal Server Error in 2ms (ActiveRecord: 0.0ms)

SyntaxError (/home/thuy/Git/Demo2/app/models/micropost.rb:3: syntax error, unexpected tIDENTIFIER, expecting keyword_end
	validates :content, length: { maximum: 140 } presence: true
	                                                     ^):
  app/models/micropost.rb:3: syntax error, unexpected tIDENTIFIER, expecting keyword_end
  app/controllers/microposts_controller.rb:27:in `create'


  Rendered /home/thuy/.rbenv/versions/2.3.1/lib/ruby/gems/2.3.0/gems/actionpack-4.2.6/lib/action_dispatch/middleware/templates/rescues/_source.erb (7.6ms)
  Rendered /home/thuy/.rbenv/versions/2.3.1/lib/ruby/gems/2.3.0/gems/actionpack-4.2.6/lib/action_dispatch/middleware/templates/rescues/_trace.html.erb (4.1ms)
  Rendered /home/thuy/.rbenv/versions/2.3.1/lib/ruby/gems/2.3.0/gems/actionpack-4.2.6/lib/action_dispatch/middleware/templates/rescues/_request_and_response.html.erb (1.4ms)
  Rendered /home/thuy/.rbenv/versions/2.3.1/lib/ruby/gems/2.3.0/gems/actionpack-4.2.6/lib/action_dispatch/middleware/templates/rescues/diagnostics.html.erb within rescues/layout (37.3ms)
  Rendered /home/thuy/.rbenv/versions/2.3.1/lib/ruby/gems/2.3.0/gems/web-console-2.3.0/lib/web_console/templates/_markup.html.erb (0.5ms)
  Rendered /home/thuy/.rbenv/versions/2.3.1/lib/ruby/gems/2.3.0/gems/web-console-2.3.0/lib/web_console/templates/_inner_console_markup.html.erb within layouts/inlined_string (0.5ms)
  Rendered /home/thuy/.rbenv/versions/2.3.1/lib/ruby/gems/2.3.0/gems/web-console-2.3.0/lib/web_console/templates/_prompt_box_markup.html.erb within layouts/inlined_string (0.6ms)
  Rendered /home/thuy/.rbenv/versions/2.3.1/lib/ruby/gems/2.3.0/gems/web-console-2.3.0/lib/web_console/templates/style.css.erb within layouts/inlined_string (0.5ms)
  Rendered /home/thuy/.rbenv/versions/2.3.1/lib/ruby/gems/2.3.0/gems/web-console-2.3.0/lib/web_console/templates/console.js.erb within layouts/javascript (31.1ms)
  Rendered /home/thuy/.rbenv/versions/2.3.1/lib/ruby/gems/2.3.0/gems/web-console-2.3.0/lib/web_console/templates/main.js.erb within layouts/javascript (0.4ms)
  Rendered /home/thuy/.rbenv/versions/2.3.1/lib/ruby/gems/2.3.0/gems/web-console-2.3.0/lib/web_console/templates/error_page.js.erb within layouts/javascript (0.6ms)
  Rendered /home/thuy/.rbenv/versions/2.3.1/lib/ruby/gems/2.3.0/gems/web-console-2.3.0/lib/web_console/templates/index.html.erb (59.9ms)


Started GET "/microposts" for 127.0.0.1 at 2016-06-02 19:58:31 +0700
Processing by MicropostsController#index as HTML
  [1m[36mMicropost Load (0.5ms)[0m  [1mSELECT "microposts".* FROM "microposts"[0m
  Rendered microposts/index.html.erb within layouts/application (7.2ms)
Completed 200 OK in 52ms (Views: 29.3ms | ActiveRecord: 0.9ms)


Started GET "/microposts/new" for 127.0.0.1 at 2016-06-02 19:58:33 +0700
Processing by MicropostsController#new as HTML
  Rendered microposts/_form.html.erb (2.3ms)
  Rendered microposts/new.html.erb within layouts/application (3.4ms)
Completed 200 OK in 24ms (Views: 23.3ms | ActiveRecord: 0.0ms)


Started POST "/microposts" for 127.0.0.1 at 2016-06-02 19:58:36 +0700
Processing by MicropostsController#create as HTML
  Parameters: {"utf8"=>"✓", "authenticity_token"=>"wyszBUm5+AM8Qv1uwRPeFf1niQt1f133EvYVHtsGfZiOJYnWYS8ffyxcfokqrMqUaBhfhOV24SaMJyw5kOLJvA==", "micropost"=>{"content"=>"", "user_id"=>"1"}, "commit"=>"Create Micropost"}
  [1m[35m (0.1ms)[0m  begin transaction
  [1m[36m (0.1ms)[0m  [1mrollback transaction[0m
  Rendered microposts/_form.html.erb (2.9ms)
  Rendered microposts/new.html.erb within layouts/application (3.8ms)
Completed 200 OK in 28ms (Views: 24.4ms | ActiveRecord: 0.2ms)


Started POST "/microposts" for 127.0.0.1 at 2016-06-02 19:58:42 +0700
Processing by MicropostsController#create as HTML
  Parameters: {"utf8"=>"✓", "authenticity_token"=>"u9+2lgc+NLo5xQlDRTyGsZrsHd42HdA/ZABncmam2Qb20QxFL6jTxinbiqSug5IwD5PLUaYUbO760V5VLUJtIg==", "micropost"=>{"content"=>"fdéa", "user_id"=>"1"}, "commit"=>"Create Micropost"}
  [1m[35m (0.1ms)[0m  begin transaction
  [1m[36mSQL (0.3ms)[0m  [1mINSERT INTO "microposts" ("content", "user_id", "created_at", "updated_at") VALUES (?, ?, ?, ?)[0m  [["content", "fdéa"], ["user_id", 1], ["created_at", "2016-06-02 12:58:42.190877"], ["updated_at", "2016-06-02 12:58:42.190877"]]
  [1m[35m (80.6ms)[0m  commit transaction
Redirected to http://localhost:3000/microposts/2
Completed 302 Found in 86ms (ActiveRecord: 81.1ms)


Started GET "/microposts/2" for 127.0.0.1 at 2016-06-02 19:58:42 +0700
Processing by MicropostsController#show as HTML
  Parameters: {"id"=>"2"}
  [1m[36mMicropost Load (0.3ms)[0m  [1mSELECT  "microposts".* FROM "microposts" WHERE "microposts"."id" = ? LIMIT 1[0m  [["id", 2]]
  Rendered microposts/show.html.erb within layouts/application (0.6ms)
Completed 200 OK in 28ms (Views: 25.5ms | ActiveRecord: 0.3ms)


Started GET "/microposts" for 127.0.0.1 at 2016-06-02 19:58:44 +0700
Processing by MicropostsController#index as HTML
  [1m[35mMicropost Load (0.2ms)[0m  SELECT "microposts".* FROM "microposts"
  Rendered microposts/index.html.erb within layouts/application (1.9ms)
Completed 200 OK in 28ms (Views: 26.1ms | ActiveRecord: 0.2ms)


Started GET "/user" for 127.0.0.1 at 2016-06-03 09:36:32 +0700
  [1m[36mActiveRecord::SchemaMigration Load (0.2ms)[0m  [1mSELECT "schema_migrations".* FROM "schema_migrations"[0m

ActionController::RoutingError (No route matches [GET] "/user"):
  actionpack (4.2.6) lib/action_dispatch/middleware/debug_exceptions.rb:21:in `call'
  web-console (2.3.0) lib/web_console/middleware.rb:28:in `block in call'
  web-console (2.3.0) lib/web_console/middleware.rb:18:in `catch'
  web-console (2.3.0) lib/web_console/middleware.rb:18:in `call'
  actionpack (4.2.6) lib/action_dispatch/middleware/show_exceptions.rb:30:in `call'
  railties (4.2.6) lib/rails/rack/logger.rb:38:in `call_app'
  railties (4.2.6) lib/rails/rack/logger.rb:20:in `block in call'
  activesupport (4.2.6) lib/active_support/tagged_logging.rb:68:in `block in tagged'
  activesupport (4.2.6) lib/active_support/tagged_logging.rb:26:in `tagged'
  activesupport (4.2.6) lib/active_support/tagged_logging.rb:68:in `tagged'
  railties (4.2.6) lib/rails/rack/logger.rb:20:in `call'
  actionpack (4.2.6) lib/action_dispatch/middleware/request_id.rb:21:in `call'
  rack (1.6.4) lib/rack/methodoverride.rb:22:in `call'
  rack (1.6.4) lib/rack/runtime.rb:18:in `call'
  activesupport (4.2.6) lib/active_support/cache/strategy/local_cache_middleware.rb:28:in `call'
  rack (1.6.4) lib/rack/lock.rb:17:in `call'
  actionpack (4.2.6) lib/action_dispatch/middleware/static.rb:120:in `call'
  rack (1.6.4) lib/rack/sendfile.rb:113:in `call'
  railties (4.2.6) lib/rails/engine.rb:518:in `call'
  railties (4.2.6) lib/rails/application.rb:165:in `call'
  rack (1.6.4) lib/rack/lock.rb:17:in `call'
  rack (1.6.4) lib/rack/content_length.rb:15:in `call'
  rack (1.6.4) lib/rack/handler/webrick.rb:88:in `service'
  /home/thuy/.rbenv/versions/2.3.1/lib/ruby/2.3.0/webrick/httpserver.rb:140:in `service'
  /home/thuy/.rbenv/versions/2.3.1/lib/ruby/2.3.0/webrick/httpserver.rb:96:in `run'
  /home/thuy/.rbenv/versions/2.3.1/lib/ruby/2.3.0/webrick/server.rb:296:in `block in start_thread'


  Rendered /home/thuy/.rbenv/versions/2.3.1/lib/ruby/gems/2.3.0/gems/actionpack-4.2.6/lib/action_dispatch/middleware/templates/rescues/_trace.html.erb (3.0ms)
  Rendered /home/thuy/.rbenv/versions/2.3.1/lib/ruby/gems/2.3.0/gems/actionpack-4.2.6/lib/action_dispatch/middleware/templates/routes/_route.html.erb (2.1ms)
  Rendered /home/thuy/.rbenv/versions/2.3.1/lib/ruby/gems/2.3.0/gems/actionpack-4.2.6/lib/action_dispatch/middleware/templates/routes/_table.html.erb (13.1ms)
  Rendered /home/thuy/.rbenv/versions/2.3.1/lib/ruby/gems/2.3.0/gems/actionpack-4.2.6/lib/action_dispatch/middleware/templates/rescues/_request_and_response.html.erb (19.7ms)
  Rendered /home/thuy/.rbenv/versions/2.3.1/lib/ruby/gems/2.3.0/gems/actionpack-4.2.6/lib/action_dispatch/middleware/templates/rescues/routing_error.html.erb within rescues/layout (97.3ms)
  Rendered /home/thuy/.rbenv/versions/2.3.1/lib/ruby/gems/2.3.0/gems/web-console-2.3.0/lib/web_console/templates/_markup.html.erb (1.0ms)
  Rendered /home/thuy/.rbenv/versions/2.3.1/lib/ruby/gems/2.3.0/gems/web-console-2.3.0/lib/web_console/templates/_inner_console_markup.html.erb within layouts/inlined_string (0.7ms)
  Rendered /home/thuy/.rbenv/versions/2.3.1/lib/ruby/gems/2.3.0/gems/web-console-2.3.0/lib/web_console/templates/_prompt_box_markup.html.erb within layouts/inlined_string (0.5ms)
  Rendered /home/thuy/.rbenv/versions/2.3.1/lib/ruby/gems/2.3.0/gems/web-console-2.3.0/lib/web_console/templates/style.css.erb within layouts/inlined_string (0.6ms)
  Rendered /home/thuy/.rbenv/versions/2.3.1/lib/ruby/gems/2.3.0/gems/web-console-2.3.0/lib/web_console/templates/console.js.erb within layouts/javascript (61.3ms)
  Rendered /home/thuy/.rbenv/versions/2.3.1/lib/ruby/gems/2.3.0/gems/web-console-2.3.0/lib/web_console/templates/main.js.erb within layouts/javascript (0.6ms)
  Rendered /home/thuy/.rbenv/versions/2.3.1/lib/ruby/gems/2.3.0/gems/web-console-2.3.0/lib/web_console/templates/error_page.js.erb within layouts/javascript (0.7ms)
  Rendered /home/thuy/.rbenv/versions/2.3.1/lib/ruby/gems/2.3.0/gems/web-console-2.3.0/lib/web_console/templates/index.html.erb (125.6ms)


Started GET "/" for 127.0.0.1 at 2016-06-03 09:36:37 +0700
Processing by UsersController#index as HTML
  [1m[35mUser Load (0.2ms)[0m  SELECT "users".* FROM "users"
  Rendered users/index.html.erb within layouts/application (9.5ms)
Completed 200 OK in 578ms (Views: 562.5ms | ActiveRecord: 0.6ms)


Started GET "/users/1/edit" for 127.0.0.1 at 2016-06-03 09:36:43 +0700
Processing by UsersController#edit as HTML
  Parameters: {"id"=>"1"}
  [1m[36mUser Load (0.4ms)[0m  [1mSELECT  "users".* FROM "users" WHERE "users"."id" = ? LIMIT 1[0m  [["id", 1]]
  Rendered users/_form.html.erb (18.8ms)
  Rendered users/edit.html.erb within layouts/application (21.3ms)
Completed 200 OK in 85ms (Views: 42.5ms | ActiveRecord: 0.4ms)


Started GET "/users" for 127.0.0.1 at 2016-06-03 09:36:46 +0700
Processing by UsersController#index as HTML
  [1m[35mUser Load (0.3ms)[0m  SELECT "users".* FROM "users"
  Rendered users/index.html.erb within layouts/application (3.2ms)
Completed 200 OK in 51ms (Views: 49.6ms | ActiveRecord: 0.3ms)


Started GET "/users/new" for 127.0.0.1 at 2016-06-03 09:37:07 +0700
Processing by UsersController#new as HTML
  Rendered users/_form.html.erb (2.6ms)
  Rendered users/new.html.erb within layouts/application (5.2ms)
Completed 200 OK in 31ms (Views: 29.9ms | ActiveRecord: 0.0ms)


Started POST "/users" for 127.0.0.1 at 2016-06-03 09:37:13 +0700
Processing by UsersController#create as HTML
  Parameters: {"utf8"=>"✓", "authenticity_token"=>"MOUS32JoKePpRNekcM++midchxlhTk5HVIiBGup7G8sVvjqh+Ez6tP4bDmy99IAqeH1S412kx5z6cUP7IDVOPQ==", "user"=>{"name"=>"ytt", "email"=>"124"}, "commit"=>"Create User"}
  [1m[36m (0.1ms)[0m  [1mbegin transaction[0m
  [1m[35mSQL (0.5ms)[0m  INSERT INTO "users" ("name", "email", "created_at", "updated_at") VALUES (?, ?, ?, ?)  [["name", "ytt"], ["email", "124"], ["created_at", "2016-06-03 02:37:13.675663"], ["updated_at", "2016-06-03 02:37:13.675663"]]
  [1m[36m (137.1ms)[0m  [1mcommit transaction[0m
Redirected to http://localhost:3000/users/4
Completed 302 Found in 143ms (ActiveRecord: 137.7ms)


Started GET "/users/4" for 127.0.0.1 at 2016-06-03 09:37:13 +0700
Processing by UsersController#show as HTML
  Parameters: {"id"=>"4"}
  [1m[35mUser Load (0.2ms)[0m  SELECT  "users".* FROM "users" WHERE "users"."id" = ? LIMIT 1  [["id", 4]]
  Rendered users/show.html.erb within layouts/application (1.4ms)
Completed 200 OK in 26ms (Views: 24.5ms | ActiveRecord: 0.2ms)


Started GET "/users" for 127.0.0.1 at 2016-06-03 09:37:17 +0700
Processing by UsersController#index as HTML
  [1m[36mUser Load (0.3ms)[0m  [1mSELECT "users".* FROM "users"[0m
  Rendered users/index.html.erb within layouts/application (3.5ms)
Completed 200 OK in 28ms (Views: 26.4ms | ActiveRecord: 0.3ms)


Started GET "/users/4" for 127.0.0.1 at 2016-06-03 09:43:23 +0700
Processing by UsersController#show as HTML
  Parameters: {"id"=>"4"}
  [1m[35mUser Load (0.2ms)[0m  SELECT  "users".* FROM "users" WHERE "users"."id" = ? LIMIT 1  [["id", 4]]
  Rendered users/show.html.erb within layouts/application (1.2ms)
Completed 200 OK in 26ms (Views: 24.7ms | ActiveRecord: 0.2ms)


Started GET "/users" for 127.0.0.1 at 2016-06-03 09:43:25 +0700
Processing by UsersController#index as HTML
  [1m[36mUser Load (0.2ms)[0m  [1mSELECT "users".* FROM "users"[0m
  Rendered users/index.html.erb within layouts/application (2.2ms)
Completed 200 OK in 25ms (Views: 23.7ms | ActiveRecord: 0.2ms)


Started GET "/users/2" for 127.0.0.1 at 2016-06-03 09:43:26 +0700
Processing by UsersController#show as HTML
  Parameters: {"id"=>"2"}
  [1m[35mUser Load (0.2ms)[0m  SELECT  "users".* FROM "users" WHERE "users"."id" = ? LIMIT 1  [["id", 2]]
  Rendered users/show.html.erb within layouts/application (0.4ms)
Completed 200 OK in 23ms (Views: 21.7ms | ActiveRecord: 0.2ms)


Started GET "/users" for 127.0.0.1 at 2016-06-03 09:43:27 +0700
Processing by UsersController#index as HTML
  [1m[36mUser Load (0.3ms)[0m  [1mSELECT "users".* FROM "users"[0m
  Rendered users/index.html.erb within layouts/application (3.3ms)
Completed 200 OK in 29ms (Views: 27.5ms | ActiveRecord: 0.3ms)


Started GET "/users/new" for 127.0.0.1 at 2016-06-03 09:43:30 +0700
Processing by UsersController#new as HTML
  Rendered users/_form.html.erb (2.0ms)
  Rendered users/new.html.erb within layouts/application (3.0ms)
Completed 200 OK in 26ms (Views: 25.4ms | ActiveRecord: 0.0ms)


Started POST "/users" for 127.0.0.1 at 2016-06-03 09:43:35 +0700
Processing by UsersController#create as HTML
  Parameters: {"utf8"=>"✓", "authenticity_token"=>"O10fPMn7cl+F/7jc1LGR9y0z4x51Hg18WTqafXTsEkUeBjdCU9+hCJKgYRQZiq9HchI25En0hKf3w1icvqJHsw==", "user"=>{"name"=>"thuy", "email"=>"ngu"}, "commit"=>"Create User"}
  [1m[35m (0.1ms)[0m  begin transaction
  [1m[36mSQL (0.5ms)[0m  [1mINSERT INTO "users" ("name", "email", "created_at", "updated_at") VALUES (?, ?, ?, ?)[0m  [["name", "thuy"], ["email", "ngu"], ["created_at", "2016-06-03 02:43:35.424789"], ["updated_at", "2016-06-03 02:43:35.424789"]]
  [1m[35m (116.4ms)[0m  commit transaction
Redirected to http://localhost:3000/users/5
Completed 302 Found in 123ms (ActiveRecord: 116.9ms)


Started GET "/users/5" for 127.0.0.1 at 2016-06-03 09:43:35 +0700
Processing by UsersController#show as HTML
  Parameters: {"id"=>"5"}
  [1m[36mUser Load (0.2ms)[0m  [1mSELECT  "users".* FROM "users" WHERE "users"."id" = ? LIMIT 1[0m  [["id", 5]]
  Rendered users/show.html.erb within layouts/application (0.8ms)
Completed 200 OK in 30ms (Views: 28.1ms | ActiveRecord: 0.2ms)


Started GET "/users" for 127.0.0.1 at 2016-06-03 10:46:24 +0700
Processing by UsersController#index as HTML
  [1m[35mUser Load (0.3ms)[0m  SELECT "users".* FROM "users"
  Rendered users/index.html.erb within layouts/application (7.7ms)
Completed 200 OK in 38ms (Views: 36.4ms | ActiveRecord: 0.3ms)


Started DELETE "/users/5" for 127.0.0.1 at 2016-06-03 10:46:30 +0700
Processing by UsersController#destroy as HTML
  Parameters: {"authenticity_token"=>"LrEDDNyL7CzpnliOtRPtF37cCB3Tw9ugn2GvjrOTfi4L6ityRq8/e/7BgUZ4KNOnIf3d5+8pUnsxmG1ved0r2A==", "id"=>"5"}
  [1m[36mUser Load (0.2ms)[0m  [1mSELECT  "users".* FROM "users" WHERE "users"."id" = ? LIMIT 1[0m  [["id", 5]]
  [1m[35m (0.1ms)[0m  begin transaction
  [1m[36mSQL (0.3ms)[0m  [1mDELETE FROM "users" WHERE "users"."id" = ?[0m  [["id", 5]]
  [1m[35m (77.4ms)[0m  commit transaction
Redirected to http://localhost:3000/users
Completed 302 Found in 82ms (ActiveRecord: 78.0ms)


Started GET "/users" for 127.0.0.1 at 2016-06-03 10:46:30 +0700
Processing by UsersController#index as HTML
  [1m[36mUser Load (0.3ms)[0m  [1mSELECT "users".* FROM "users"[0m
  Rendered users/index.html.erb within layouts/application (2.2ms)
Completed 200 OK in 31ms (Views: 30.0ms | ActiveRecord: 0.3ms)


Started GET "/users/4/edit" for 127.0.0.1 at 2016-06-03 10:46:32 +0700
Processing by UsersController#edit as HTML
  Parameters: {"id"=>"4"}
  [1m[35mUser Load (0.2ms)[0m  SELECT  "users".* FROM "users" WHERE "users"."id" = ? LIMIT 1  [["id", 4]]
  Rendered users/_form.html.erb (2.2ms)
  Rendered users/edit.html.erb within layouts/application (3.5ms)
Completed 200 OK in 28ms (Views: 26.5ms | ActiveRecord: 0.2ms)


Started PATCH "/users/4" for 127.0.0.1 at 2016-06-03 10:46:43 +0700
Processing by UsersController#update as HTML
  Parameters: {"utf8"=>"✓", "authenticity_token"=>"kASKi+uBPtf0Ma0elB/LkPq0HaeTLnX0Pn1n27WSTh21X6L1caXtgONudNZZJPUgpZXIXa/E/C+QhKU6f9wb6w==", "user"=>{"name"=>"ytt", "email"=>"124ắedfrtgyhu2345678999999999999999999999999999999999999999999999999999999999999999999999999999999999999999"}, "commit"=>"Update User", "id"=>"4"}
  [1m[36mUser Load (0.1ms)[0m  [1mSELECT  "users".* FROM "users" WHERE "users"."id" = ? LIMIT 1[0m  [["id", 4]]
  [1m[35m (0.1ms)[0m  begin transaction
  [1m[36mSQL (0.4ms)[0m  [1mUPDATE "users" SET "email" = ?, "updated_at" = ? WHERE "users"."id" = ?[0m  [["email", "124ắedfrtgyhu2345678999999999999999999999999999999999999999999999999999999999999999999999999999999999999999"], ["updated_at", "2016-06-03 03:46:43.116569"], ["id", 4]]
  [1m[35m (187.5ms)[0m  commit transaction
Redirected to http://localhost:3000/users/4
Completed 302 Found in 194ms (ActiveRecord: 188.3ms)


Started GET "/users/4" for 127.0.0.1 at 2016-06-03 10:46:43 +0700
Processing by UsersController#show as HTML
  Parameters: {"id"=>"4"}
  [1m[36mUser Load (0.2ms)[0m  [1mSELECT  "users".* FROM "users" WHERE "users"."id" = ? LIMIT 1[0m  [["id", 4]]
  Rendered users/show.html.erb within layouts/application (0.6ms)
Completed 200 OK in 26ms (Views: 24.0ms | ActiveRecord: 0.2ms)


Started GET "/users" for 127.0.0.1 at 2016-06-03 10:46:45 +0700
Processing by UsersController#index as HTML
  [1m[35mUser Load (0.3ms)[0m  SELECT "users".* FROM "users"
  Rendered users/index.html.erb within layouts/application (3.0ms)
Completed 200 OK in 27ms (Views: 25.4ms | ActiveRecord: 0.3ms)


Started DELETE "/users/4" for 127.0.0.1 at 2016-06-03 10:46:49 +0700
Processing by UsersController#destroy as HTML
  Parameters: {"authenticity_token"=>"8U1TcbabcWfuklPILTddFUi/1qS7e2SFegA8j8OUIgrUFnsPLL+iMPnNigDgDGOlF54DXoeR7V7U+f5uCdp3/A==", "id"=>"4"}
  [1m[36mUser Load (0.2ms)[0m  [1mSELECT  "users".* FROM "users" WHERE "users"."id" = ? LIMIT 1[0m  [["id", 4]]
  [1m[35m (0.1ms)[0m  begin transaction
  [1m[36mSQL (0.3ms)[0m  [1mDELETE FROM "users" WHERE "users"."id" = ?[0m  [["id", 4]]
  [1m[35m (103.4ms)[0m  commit transaction
Redirected to http://localhost:3000/users
Completed 302 Found in 108ms (ActiveRecord: 104.0ms)


Started GET "/users" for 127.0.0.1 at 2016-06-03 10:46:49 +0700
Processing by UsersController#index as HTML
  [1m[36mUser Load (0.3ms)[0m  [1mSELECT "users".* FROM "users"[0m
  Rendered users/index.html.erb within layouts/application (1.9ms)
Completed 200 OK in 25ms (Views: 23.8ms | ActiveRecord: 0.3ms)


Started GET "/microposts" for 127.0.0.1 at 2016-06-03 10:46:58 +0700
Processing by MicropostsController#index as HTML
  [1m[35mMicropost Load (0.3ms)[0m  SELECT "microposts".* FROM "microposts"
  Rendered microposts/index.html.erb within layouts/application (11.9ms)
Completed 200 OK in 77ms (Views: 54.3ms | ActiveRecord: 0.7ms)


Started GET "/microposts/new" for 127.0.0.1 at 2016-06-03 10:47:02 +0700
Processing by MicropostsController#new as HTML
  Rendered microposts/_form.html.erb (24.6ms)
  Rendered microposts/new.html.erb within layouts/application (27.7ms)
Completed 200 OK in 64ms (Views: 62.8ms | ActiveRecord: 0.0ms)


Started GET "/microposts" for 127.0.0.1 at 2016-06-03 10:47:39 +0700
Processing by MicropostsController#index as HTML
  [1m[36mMicropost Load (0.2ms)[0m  [1mSELECT "microposts".* FROM "microposts"[0m
  Rendered microposts/index.html.erb within layouts/application (2.6ms)
Completed 200 OK in 24ms (Views: 23.2ms | ActiveRecord: 0.2ms)


Started GET "/microposts/new" for 127.0.0.1 at 2016-06-03 10:47:42 +0700
Processing by MicropostsController#new as HTML
  Rendered microposts/_form.html.erb (2.0ms)
  Rendered microposts/new.html.erb within layouts/application (2.9ms)
Completed 200 OK in 24ms (Views: 23.5ms | ActiveRecord: 0.0ms)


Started POST "/microposts" for 127.0.0.1 at 2016-06-03 10:47:55 +0700
Processing by MicropostsController#create as HTML
  Parameters: {"utf8"=>"✓", "authenticity_token"=>"OQXS5ythkKEbtw1ldHbVQmYtxtyFPbaHMtha/20MF50cXvqZsUVD9gzo1K25TevyOQwTJrnXP1ycIZgep0JCaw==", "micropost"=>{"content"=>"esssssssssssssssssssssssssssssssssssssssssssssssssssssssssssssssssssssssssssssssssssssssssssssssssssssssssssssssssssssssssssssssssss", "user_id"=>"1"}, "commit"=>"Create Micropost"}
  [1m[35m (0.1ms)[0m  begin transaction
  [1m[36mSQL (0.9ms)[0m  [1mINSERT INTO "microposts" ("content", "user_id", "created_at", "updated_at") VALUES (?, ?, ?, ?)[0m  [["content", "esssssssssssssssssssssssssssssssssssssssssssssssssssssssssssssssssssssssssssssssssssssssssssssssssssssssssssssssssssssssssssssssssss"], ["user_id", 1], ["created_at", "2016-06-03 03:47:55.466912"], ["updated_at", "2016-06-03 03:47:55.466912"]]
  [1m[35m (57.7ms)[0m  commit transaction
Redirected to http://localhost:3000/microposts/3
Completed 302 Found in 65ms (ActiveRecord: 58.7ms)


Started GET "/microposts/3" for 127.0.0.1 at 2016-06-03 10:47:55 +0700
Processing by MicropostsController#show as HTML
  Parameters: {"id"=>"3"}
  [1m[36mMicropost Load (0.3ms)[0m  [1mSELECT  "microposts".* FROM "microposts" WHERE "microposts"."id" = ? LIMIT 1[0m  [["id", 3]]
  Rendered microposts/show.html.erb within layouts/application (1.2ms)
Completed 200 OK in 29ms (Views: 27.2ms | ActiveRecord: 0.3ms)


Started GET "/microposts" for 127.0.0.1 at 2016-06-03 10:47:58 +0700
Processing by MicropostsController#index as HTML
  [1m[35mMicropost Load (0.2ms)[0m  SELECT "microposts".* FROM "microposts"
  Rendered microposts/index.html.erb within layouts/application (2.1ms)
Completed 200 OK in 24ms (Views: 22.7ms | ActiveRecord: 0.2ms)


Started DELETE "/microposts/3" for 127.0.0.1 at 2016-06-03 10:48:02 +0700
Processing by MicropostsController#destroy as HTML
  Parameters: {"authenticity_token"=>"1zBF+YTNavaAyxlXGEx6pLF+dNd3tl0kpGwLiQCd9Wvya22HHum5oZeUwJ/Vd0QU7l+hLUtc1P8KlcloytOgnQ==", "id"=>"3"}
  [1m[36mMicropost Load (0.2ms)[0m  [1mSELECT  "microposts".* FROM "microposts" WHERE "microposts"."id" = ? LIMIT 1[0m  [["id", 3]]
  [1m[35m (0.1ms)[0m  begin transaction
  [1m[36mSQL (0.4ms)[0m  [1mDELETE FROM "microposts" WHERE "microposts"."id" = ?[0m  [["id", 3]]
  [1m[35m (42.5ms)[0m  commit transaction
Redirected to http://localhost:3000/microposts
Completed 302 Found in 48ms (ActiveRecord: 43.3ms)


Started GET "/microposts" for 127.0.0.1 at 2016-06-03 10:48:02 +0700
Processing by MicropostsController#index as HTML
  [1m[36mMicropost Load (0.3ms)[0m  [1mSELECT "microposts".* FROM "microposts"[0m
  Rendered microposts/index.html.erb within layouts/application (2.4ms)
Completed 200 OK in 33ms (Views: 31.6ms | ActiveRecord: 0.3ms)
